WARM Assembly of warm.s                                                 Page 1

Line [ Addr ]
0001 [0x0000]:         cmp     r0,#0
     [0x0000]: 0x11800000 = 0b00010001100000000000000000000000
0002 [0x0001]:         eorne   r0,r15,r2, lsl #40
     [0x0001]: 0x6207c0a8 = 0b01100010000001111100000010101000
0003 [0x0002]:         swigt   #SysGetNum
     [0x0002]: 0xe6800201 = 0b11100110100000000000001000000001
0004 [0x0003]:         swi     #SysPutNum
     [0x0003]: 0x06800401 = 0b00000110100000000000010000000001
0005 [0x0004]:         mov     r0,#10
     [0x0004]: 0x05800205 = 0b00000101100000000000001000000101
0006 [0x0005]:         swi     #SysPutChar
     [0x0005]: 0x06800003 = 0b00000110100000000000000000000011
0007 [0x0006]:         mov     r4, #19
     [0x0006]: 0x05a00013 = 0b00000101101000000000000000010011
0008 [0x0007]:         swi     #SysHalt
     [0x0007]: 0x06800000 = 0b00000110100000000000000000000000

-------------------------------------------------------------------------------
Symbols defined:
-------------------------------------------------------------------------------
Assembled 8 instructions at 275.86 instructions per second.
