WIND Assembly of phase1.s                                               Page 1

Line [ Addr ]
0001           ;;; Phase 1 of the final project.
0002           ;;; (c) 2014 Erik Kessler
0003 [0x0000]:         .requ   wpc,r8
0004 [0x0000]:         lea     WARM, r0
     [0x0000]: 40198000 00000018          
0005 [0x0002]:         trap    $SysOverlay
     [0x0002]: 00180000 00000006          
0006           
0007 [0x0004]:         mov     $0, wpc
     [0x0004]: 49180000 00000000          
0008 [0x0006]: loop:   mov     WARM(wpc), r0
     [0x0006]: 480c0000 00000019          
0009 [0x0008]:         cmp     $0x06800000, r0
     [0x0008]: 98180000 06800000          
0010 [0x000a]:         je      found
     [0x000a]: 20198000 00000005          
0011 [0x000c]:         add     $1, wpc
     [0x000c]: a1180000 00000001          
0012 [0x000e]:         jmp     loop
     [0x000e]: 08198000 fffffff7          
0013                   
0014 [0x0010]: found:  mov     wpc, r0
     [0x0010]: 48040000                   
0015 [0x0011]:         trap    $SysPutNum
     [0x0011]: 00180000 00000004          
0016 [0x0013]:         mov     $'\n, r0
     [0x0013]: 48180000 0000000a          
0017 [0x0015]:         trap    $SysPutChar
     [0x0015]: 00180000 00000003          
0018 [0x0017]:         trap    $SysHalt
     [0x0017]: 00180000 00000000          
0019 [0x0019]: WARM:   

-------------------------------------------------------------------------------
Symbols defined:
        WARM=25            found=16             loop=6      
-------------------------------------------------------------------------------
Assembled 13 instructions at 265.31 instructions per second.
